Copyright 1986-2022 Xilinx, Inc. All Rights Reserved. Copyright 2022-2025 Advanced Micro Devices, Inc. All Rights Reserved.
---------------------------------------------------------------------------------------------------------------------------------------------
| Tool Version : Vivado v.2024.2.2 (win64) Build 6060944 Thu Mar 06 19:10:01 MST 2025
| Date         : Mon Mar 31 12:01:34 2025
| Host         : Henrik-MainPC running 64-bit major release  (build 9200)
| Command      : upgrade_ip
| Device       : xc7z020clg400-1
---------------------------------------------------------------------------------------------------------------------------------------------

Upgrade Log for IP 'hdmi_in_rgb2dvi_0_0'

1. Summary
----------

SUCCESS in the upgrade of hdmi_in_rgb2dvi_0_0 (digilentinc.com:ip:rgb2dvi:1.4) from (Rev. 8) to (Rev. 7)






Copyright 1986-2022 Xilinx, Inc. All Rights Reserved. Copyright 2022-2025 Advanced Micro Devices, Inc. All Rights Reserved.
---------------------------------------------------------------------------------------------------------------------------------------------
| Tool Version : Vivado v.2024.2.2 (win64) Build 6060944 Thu Mar 06 19:10:01 MST 2025
| Date         : Mon Mar 31 12:01:34 2025
| Host         : Henrik-MainPC running 64-bit major release  (build 9200)
| Command      : upgrade_ip
| Device       : xc7z020clg400-1
---------------------------------------------------------------------------------------------------------------------------------------------

Upgrade Log for IP 'hdmi_in_dvi2rgb_0_0'

1. Summary
----------

SUCCESS in the upgrade of hdmi_in_dvi2rgb_0_0 (digilentinc.com:ip:dvi2rgb:2.0) from (Rev. 8) to (Rev. 4)






Copyright 1986-2022 Xilinx, Inc. All Rights Reserved. Copyright 2022-2025 Advanced Micro Devices, Inc. All Rights Reserved.
---------------------------------------------------------------------------------------------------------------------------------------------
| Tool Version : Vivado v.2024.2.2 (win64) Build 6060944 Thu Mar 06 19:10:01 MST 2025
| Date         : Mon Mar 31 01:04:00 2025
| Host         : Henrik-MainPC running 64-bit major release  (build 9200)
| Command      : upgrade_ip
| Device       : xc7z020clg400-1
---------------------------------------------------------------------------------------------------------------------------------------------

Upgrade Log for IP 'hdmi_in_v_vid_in_axi4s_0_0'

1. Summary
----------

SUCCESS in the upgrade of hdmi_in_v_vid_in_axi4s_0_0 (xilinx.com:ip:v_vid_in_axi4s:5.0) from (Rev. 4) to (Rev. 5)






Copyright 1986-2022 Xilinx, Inc. All Rights Reserved. Copyright 2022-2025 Advanced Micro Devices, Inc. All Rights Reserved.
---------------------------------------------------------------------------------------------------------------------------------------------
| Tool Version : Vivado v.2024.2.2 (win64) Build 6060944 Thu Mar 06 19:10:01 MST 2025
| Date         : Mon Mar 31 01:04:00 2025
| Host         : Henrik-MainPC running 64-bit major release  (build 9200)
| Command      : upgrade_ip
| Device       : xc7z020clg400-1
---------------------------------------------------------------------------------------------------------------------------------------------

Upgrade Log for IP 'hdmi_in_v_tc_1_0'

1. Summary
----------

SUCCESS in the upgrade of hdmi_in_v_tc_1_0 (xilinx.com:ip:v_tc:6.2) from (Rev. 8) to (Rev. 9)






Copyright 1986-2022 Xilinx, Inc. All Rights Reserved. Copyright 2022-2025 Advanced Micro Devices, Inc. All Rights Reserved.
---------------------------------------------------------------------------------------------------------------------------------------------
| Tool Version : Vivado v.2024.2.2 (win64) Build 6060944 Thu Mar 06 19:10:01 MST 2025
| Date         : Mon Mar 31 01:04:00 2025
| Host         : Henrik-MainPC running 64-bit major release  (build 9200)
| Command      : upgrade_ip
| Device       : xc7z020clg400-1
---------------------------------------------------------------------------------------------------------------------------------------------

Upgrade Log for IP 'hdmi_in_v_tc_0_0'

1. Summary
----------

SUCCESS in the upgrade of hdmi_in_v_tc_0_0 (xilinx.com:ip:v_tc:6.2) from (Rev. 8) to (Rev. 9)






Copyright 1986-2022 Xilinx, Inc. All Rights Reserved. Copyright 2022-2025 Advanced Micro Devices, Inc. All Rights Reserved.
---------------------------------------------------------------------------------------------------------------------------------------------
| Tool Version : Vivado v.2024.2.2 (win64) Build 6060944 Thu Mar 06 19:10:01 MST 2025
| Date         : Mon Mar 31 01:04:00 2025
| Host         : Henrik-MainPC running 64-bit major release  (build 9200)
| Command      : upgrade_ip
| Device       : xc7z020clg400-1
---------------------------------------------------------------------------------------------------------------------------------------------

Upgrade Log for IP 'hdmi_in_v_axi4s_vid_out_0_0'

1. Summary
----------

SUCCESS in the upgrade of hdmi_in_v_axi4s_vid_out_0_0 (xilinx.com:ip:v_axi4s_vid_out:4.0) from (Rev. 18) to (Rev. 19)






Copyright 1986-2022 Xilinx, Inc. All Rights Reserved. Copyright 2022-2025 Advanced Micro Devices, Inc. All Rights Reserved.
---------------------------------------------------------------------------------------------------------------------------------------------
| Tool Version : Vivado v.2024.2.2 (win64) Build 6060944 Thu Mar 06 19:10:01 MST 2025
| Date         : Mon Mar 31 01:04:00 2025
| Host         : Henrik-MainPC running 64-bit major release  (build 9200)
| Command      : upgrade_ip
| Device       : xc7z020clg400-1
---------------------------------------------------------------------------------------------------------------------------------------------

Upgrade Log for IP 'hdmi_in_rst_processing_system7_0_150M_0'

1. Summary
----------

SUCCESS in the upgrade of hdmi_in_rst_processing_system7_0_150M_0 (xilinx.com:ip:proc_sys_reset:5.0) from (Rev. 15) to (Rev. 16)






Copyright 1986-2022 Xilinx, Inc. All Rights Reserved. Copyright 2022-2025 Advanced Micro Devices, Inc. All Rights Reserved.
---------------------------------------------------------------------------------------------------------------------------------------------
| Tool Version : Vivado v.2024.2.2 (win64) Build 6060944 Thu Mar 06 19:10:01 MST 2025
| Date         : Mon Mar 31 01:04:00 2025
| Host         : Henrik-MainPC running 64-bit major release  (build 9200)
| Command      : upgrade_ip
| Device       : xc7z020clg400-1
---------------------------------------------------------------------------------------------------------------------------------------------

Upgrade Log for IP 'hdmi_in_rst_processing_system7_0_100M_0'

1. Summary
----------

SUCCESS in the upgrade of hdmi_in_rst_processing_system7_0_100M_0 (xilinx.com:ip:proc_sys_reset:5.0) from (Rev. 15) to (Rev. 16)






Copyright 1986-2022 Xilinx, Inc. All Rights Reserved. Copyright 2022-2025 Advanced Micro Devices, Inc. All Rights Reserved.
---------------------------------------------------------------------------------------------------------------------------------------------
| Tool Version : Vivado v.2024.2.2 (win64) Build 6060944 Thu Mar 06 19:10:01 MST 2025
| Date         : Mon Mar 31 01:04:00 2025
| Host         : Henrik-MainPC running 64-bit major release  (build 9200)
| Command      : upgrade_ip
| Device       : xc7z020clg400-1
---------------------------------------------------------------------------------------------------------------------------------------------

Upgrade Log for IP 'hdmi_in_ps7_0_axi_periph_0'

1. Summary
----------

SUCCESS in the upgrade of hdmi_in_ps7_0_axi_periph_0 (xilinx.com:ip:axi_interconnect:2.1) from (Rev. 32) to (Rev. 36)






Copyright 1986-2022 Xilinx, Inc. All Rights Reserved. Copyright 2022-2025 Advanced Micro Devices, Inc. All Rights Reserved.
---------------------------------------------------------------------------------------------------------------------------------------------
| Tool Version : Vivado v.2024.2.2 (win64) Build 6060944 Thu Mar 06 19:10:01 MST 2025
| Date         : Mon Mar 31 01:04:00 2025
| Host         : Henrik-MainPC running 64-bit major release  (build 9200)
| Command      : upgrade_ip
| Device       : xc7z020clg400-1
---------------------------------------------------------------------------------------------------------------------------------------------

Upgrade Log for IP 'hdmi_in_proc_sys_reset_0_0'

1. Summary
----------

SUCCESS in the upgrade of hdmi_in_proc_sys_reset_0_0 (xilinx.com:ip:proc_sys_reset:5.0) from (Rev. 15) to (Rev. 16)






Copyright 1986-2022 Xilinx, Inc. All Rights Reserved. Copyright 2022-2025 Advanced Micro Devices, Inc. All Rights Reserved.
---------------------------------------------------------------------------------------------------------------------------------------------
| Tool Version : Vivado v.2024.2.2 (win64) Build 6060944 Thu Mar 06 19:10:01 MST 2025
| Date         : Mon Mar 31 01:04:00 2025
| Host         : Henrik-MainPC running 64-bit major release  (build 9200)
| Command      : upgrade_ip
| Device       : xc7z020clg400-1
---------------------------------------------------------------------------------------------------------------------------------------------

Upgrade Log for IP 'hdmi_in_dvi2rgb_0_0'

1. Summary
----------

SUCCESS in the update of hdmi_in_dvi2rgb_0_0 (digilentinc.com:ip:dvi2rgb:2.0 (Rev. 8)) to current project options.






Copyright 1986-2022 Xilinx, Inc. All Rights Reserved. Copyright 2022-2025 Advanced Micro Devices, Inc. All Rights Reserved.
---------------------------------------------------------------------------------------------------------------------------------------------
| Tool Version : Vivado v.2024.2.2 (win64) Build 6060944 Thu Mar 06 19:10:01 MST 2025
| Date         : Mon Mar 31 01:04:00 2025
| Host         : Henrik-MainPC running 64-bit major release  (build 9200)
| Command      : upgrade_ip
| Device       : xc7z020clg400-1
---------------------------------------------------------------------------------------------------------------------------------------------

Upgrade Log for IP 'hdmi_in_axi_vdma_0_0'

1. Summary
----------

SUCCESS in the upgrade of hdmi_in_axi_vdma_0_0 (xilinx.com:ip:axi_vdma:6.3) from (Rev. 19) to (Rev. 22)






Copyright 1986-2022 Xilinx, Inc. All Rights Reserved. Copyright 2022-2025 Advanced Micro Devices, Inc. All Rights Reserved.
---------------------------------------------------------------------------------------------------------------------------------------------
| Tool Version : Vivado v.2024.2.2 (win64) Build 6060944 Thu Mar 06 19:10:01 MST 2025
| Date         : Mon Mar 31 01:04:00 2025
| Host         : Henrik-MainPC running 64-bit major release  (build 9200)
| Command      : upgrade_ip
| Device       : xc7z020clg400-1
---------------------------------------------------------------------------------------------------------------------------------------------

Upgrade Log for IP 'hdmi_in_axi_mem_intercon_0'

1. Summary
----------

SUCCESS in the upgrade of hdmi_in_axi_mem_intercon_0 (xilinx.com:ip:axi_interconnect:2.1) from (Rev. 32) to (Rev. 36)






Copyright 1986-2022 Xilinx, Inc. All Rights Reserved. Copyright 2022-2025 Advanced Micro Devices, Inc. All Rights Reserved.
---------------------------------------------------------------------------------------------------------------------------------------------
| Tool Version : Vivado v.2024.2.2 (win64) Build 6060944 Thu Mar 06 19:10:01 MST 2025
| Date         : Mon Mar 31 01:04:00 2025
| Host         : Henrik-MainPC running 64-bit major release  (build 9200)
| Command      : upgrade_ip
| Device       : xc7z020clg400-1
---------------------------------------------------------------------------------------------------------------------------------------------

Upgrade Log for IP 'hdmi_in_axi_gpio_video_0'

1. Summary
----------

SUCCESS in the upgrade of hdmi_in_axi_gpio_video_0 (xilinx.com:ip:axi_gpio:2.0) from (Rev. 33) to (Rev. 36)

